0 info it worked if it ends with ok
1 verbose cli [ '/usr/bin/nodejs',
1 verbose cli   '/usr/bin/npm',
1 verbose cli   'install',
1 verbose cli   'express-generator',
1 verbose cli   '-g' ]
2 info using npm@3.5.2
3 info using node@v4.2.6
4 silly loadCurrentTree Starting
5 silly install loadCurrentTree
6 silly install readGlobalPackageData
7 silly fetchPackageMetaData express-generator
8 silly fetchNamedPackageData express-generator
9 silly mapToRegistry name express-generator
10 silly mapToRegistry using default registry
11 silly mapToRegistry registry https://registry.npmjs.org/
12 silly mapToRegistry uri https://registry.npmjs.org/express-generator
13 verbose request uri https://registry.npmjs.org/express-generator
14 verbose request no auth needed
15 info attempt registry request try #1 at 7:42:27 PM
16 verbose request id 5d1f61de9f8a5e1a
17 http request GET https://registry.npmjs.org/express-generator
18 http 200 https://registry.npmjs.org/express-generator
19 verbose headers { 'content-type': 'application/json; charset=UTF-8',
19 verbose headers   server: 'UploadServer',
19 verbose headers   'cache-control': 'max-age=300',
19 verbose headers   'last-modified': 'Sat, 30 Dec 2017 11:43:50 GMT',
19 verbose headers   etag: '"5a477bf6-a991"',
19 verbose headers   'content-encoding': 'gzip',
19 verbose headers   'content-length': '5303',
19 verbose headers   'accept-ranges': 'bytes',
19 verbose headers   date: 'Wed, 10 Jan 2018 01:42:30 GMT',
19 verbose headers   via: '1.1 varnish',
19 verbose headers   age: '0',
19 verbose headers   connection: 'keep-alive',
19 verbose headers   'x-served-by': 'cache-msp9221-MSP',
19 verbose headers   'x-cache': 'MISS',
19 verbose headers   'x-cache-hits': '0',
19 verbose headers   'x-timer': 'S1515548551.576383,VS0,VE64',
19 verbose headers   vary: 'Accept-Encoding, Accept' }
20 silly get cb [ 200,
20 silly get   { 'content-type': 'application/json; charset=UTF-8',
20 silly get     server: 'UploadServer',
20 silly get     'cache-control': 'max-age=300',
20 silly get     'last-modified': 'Sat, 30 Dec 2017 11:43:50 GMT',
20 silly get     etag: '"5a477bf6-a991"',
20 silly get     'content-encoding': 'gzip',
20 silly get     'content-length': '5303',
20 silly get     'accept-ranges': 'bytes',
20 silly get     date: 'Wed, 10 Jan 2018 01:42:30 GMT',
20 silly get     via: '1.1 varnish',
20 silly get     age: '0',
20 silly get     connection: 'keep-alive',
20 silly get     'x-served-by': 'cache-msp9221-MSP',
20 silly get     'x-cache': 'MISS',
20 silly get     'x-cache-hits': '0',
20 silly get     'x-timer': 'S1515548551.576383,VS0,VE64',
20 silly get     vary: 'Accept-Encoding, Accept' } ]
21 verbose get saving express-generator to /home/bran/.npm/registry.npmjs.org/express-generator/.cache.json
22 silly install normalizeTree
23 silly loadCurrentTree Finishing
24 silly loadIdealTree Starting
25 silly install loadIdealTree
26 silly cloneCurrentTree Starting
27 silly install cloneCurrentTreeToIdealTree
28 silly cloneCurrentTree Finishing
29 silly loadShrinkwrap Starting
30 silly install loadShrinkwrap
31 silly loadShrinkwrap Finishing
32 silly loadAllDepsIntoIdealTree Starting
33 silly install loadAllDepsIntoIdealTree
34 silly resolveWithNewModule express-generator@4.15.5 checking installable status
35 silly cache add args [ 'express-generator', null ]
36 verbose cache add spec express-generator
37 silly cache add parsed spec Result {
37 silly cache add   raw: 'express-generator',
37 silly cache add   scope: null,
37 silly cache add   name: 'express-generator',
37 silly cache add   rawSpec: '',
37 silly cache add   spec: 'latest',
37 silly cache add   type: 'tag' }
38 silly addNamed express-generator@latest
39 verbose addNamed "latest" is being treated as a dist-tag for express-generator
40 info addNameTag [ 'express-generator', 'latest' ]
41 silly mapToRegistry name express-generator
42 silly mapToRegistry using default registry
43 silly mapToRegistry registry https://registry.npmjs.org/
44 silly mapToRegistry uri https://registry.npmjs.org/express-generator
45 verbose addNameTag registry:https://registry.npmjs.org/express-generator not in flight; fetching
46 verbose get https://registry.npmjs.org/express-generator not expired, no request
47 silly addNameTag next cb for express-generator with tag latest
48 silly addNamed express-generator@4.15.5
49 verbose addNamed "4.15.5" is a plain semver version for express-generator
50 silly mapToRegistry name express-generator
51 silly mapToRegistry using default registry
52 silly mapToRegistry registry https://registry.npmjs.org/
53 silly mapToRegistry uri https://registry.npmjs.org/express-generator
54 verbose addRemoteTarball https://registry.npmjs.org/express-generator/-/express-generator-4.15.5.tgz not in flight; adding
55 verbose addRemoteTarball [ 'https://registry.npmjs.org/express-generator/-/express-generator-4.15.5.tgz',
55 verbose addRemoteTarball   '4e86ffe6cedb31126a2bf1dac01bd1795da6f978' ]
56 info retry fetch attempt 1 at 7:42:27 PM
57 info attempt registry request try #1 at 7:42:27 PM
58 http fetch GET https://registry.npmjs.org/express-generator/-/express-generator-4.15.5.tgz
59 http fetch 200 https://registry.npmjs.org/express-generator/-/express-generator-4.15.5.tgz
60 silly fetchAndShaCheck shasum 4e86ffe6cedb31126a2bf1dac01bd1795da6f978
61 verbose addTmpTarball /tmp/npm-25233-5f9a3cb0/registry.npmjs.org/express-generator/-/express-generator-4.15.5.tgz not in flight; adding
62 verbose addTmpTarball already have metadata; skipping unpack for express-generator@4.15.5
63 silly cache afterAdd express-generator@4.15.5
64 verbose afterAdd /home/bran/.npm/express-generator/4.15.5/package/package.json not in flight; writing
65 verbose afterAdd /home/bran/.npm/express-generator/4.15.5/package/package.json written
66 silly fetchNamedPackageData commander
67 silly mapToRegistry name commander
68 silly mapToRegistry using default registry
69 silly mapToRegistry registry https://registry.npmjs.org/
70 silly mapToRegistry uri https://registry.npmjs.org/commander
71 silly fetchNamedPackageData ejs
72 silly mapToRegistry name ejs
73 silly mapToRegistry using default registry
74 silly mapToRegistry registry https://registry.npmjs.org/
75 silly mapToRegistry uri https://registry.npmjs.org/ejs
76 silly fetchNamedPackageData mkdirp
77 silly mapToRegistry name mkdirp
78 silly mapToRegistry using default registry
79 silly mapToRegistry registry https://registry.npmjs.org/
80 silly mapToRegistry uri https://registry.npmjs.org/mkdirp
81 silly fetchNamedPackageData sorted-object
82 silly mapToRegistry name sorted-object
83 silly mapToRegistry using default registry
84 silly mapToRegistry registry https://registry.npmjs.org/
85 silly mapToRegistry uri https://registry.npmjs.org/sorted-object
86 verbose request uri https://registry.npmjs.org/commander
87 verbose request no auth needed
88 info attempt registry request try #1 at 7:42:28 PM
89 http request GET https://registry.npmjs.org/commander
90 verbose request uri https://registry.npmjs.org/ejs
91 verbose request no auth needed
92 info attempt registry request try #1 at 7:42:28 PM
93 http request GET https://registry.npmjs.org/ejs
94 verbose request uri https://registry.npmjs.org/mkdirp
95 verbose request no auth needed
96 info attempt registry request try #1 at 7:42:28 PM
97 http request GET https://registry.npmjs.org/mkdirp
98 verbose request uri https://registry.npmjs.org/sorted-object
99 verbose request no auth needed
100 info attempt registry request try #1 at 7:42:28 PM
101 http request GET https://registry.npmjs.org/sorted-object
102 http 200 https://registry.npmjs.org/mkdirp
103 verbose headers { 'content-type': 'application/json; charset=UTF-8',
103 verbose headers   server: 'UploadServer',
103 verbose headers   'cache-control': 'max-age=300',
103 verbose headers   'last-modified': 'Sat, 6 Jan 2018 18:07:52 GMT',
103 verbose headers   etag: '"5a511078-695b"',
103 verbose headers   'content-encoding': 'gzip',
103 verbose headers   'content-length': '5555',
103 verbose headers   'accept-ranges': 'bytes',
103 verbose headers   date: 'Wed, 10 Jan 2018 01:42:31 GMT',
103 verbose headers   via: '1.1 varnish',
103 verbose headers   age: '6445',
103 verbose headers   connection: 'keep-alive',
103 verbose headers   'x-served-by': 'cache-msp9227-MSP',
103 verbose headers   'x-cache': 'HIT',
103 verbose headers   'x-cache-hits': '5',
103 verbose headers   'x-timer': 'S1515548551.310899,VS0,VE0',
103 verbose headers   vary: 'Accept-Encoding, Accept' }
104 silly get cb [ 200,
104 silly get   { 'content-type': 'application/json; charset=UTF-8',
104 silly get     server: 'UploadServer',
104 silly get     'cache-control': 'max-age=300',
104 silly get     'last-modified': 'Sat, 6 Jan 2018 18:07:52 GMT',
104 silly get     etag: '"5a511078-695b"',
104 silly get     'content-encoding': 'gzip',
104 silly get     'content-length': '5555',
104 silly get     'accept-ranges': 'bytes',
104 silly get     date: 'Wed, 10 Jan 2018 01:42:31 GMT',
104 silly get     via: '1.1 varnish',
104 silly get     age: '6445',
104 silly get     connection: 'keep-alive',
104 silly get     'x-served-by': 'cache-msp9227-MSP',
104 silly get     'x-cache': 'HIT',
104 silly get     'x-cache-hits': '5',
104 silly get     'x-timer': 'S1515548551.310899,VS0,VE0',
104 silly get     vary: 'Accept-Encoding, Accept' } ]
105 verbose get saving mkdirp to /home/bran/.npm/registry.npmjs.org/mkdirp/.cache.json
106 http 200 https://registry.npmjs.org/ejs
107 verbose headers { 'content-type': 'application/json; charset=UTF-8',
107 verbose headers   server: 'UploadServer',
107 verbose headers   'cache-control': 'max-age=300',
107 verbose headers   'last-modified': 'Wed, 3 Jan 2018 13:01:46 GMT',
107 verbose headers   etag: '"5a4cd43a-1201b"',
107 verbose headers   'content-encoding': 'gzip',
107 verbose headers   'content-length': '11562',
107 verbose headers   'accept-ranges': 'bytes',
107 verbose headers   date: 'Wed, 10 Jan 2018 01:42:31 GMT',
107 verbose headers   via: '1.1 varnish',
107 verbose headers   age: '4312',
107 verbose headers   connection: 'keep-alive',
107 verbose headers   'x-served-by': 'cache-msp9222-MSP',
107 verbose headers   'x-cache': 'HIT',
107 verbose headers   'x-cache-hits': '1',
107 verbose headers   'x-timer': 'S1515548551.310455,VS0,VE1',
107 verbose headers   vary: 'Accept-Encoding, Accept' }
108 silly get cb [ 200,
108 silly get   { 'content-type': 'application/json; charset=UTF-8',
108 silly get     server: 'UploadServer',
108 silly get     'cache-control': 'max-age=300',
108 silly get     'last-modified': 'Wed, 3 Jan 2018 13:01:46 GMT',
108 silly get     etag: '"5a4cd43a-1201b"',
108 silly get     'content-encoding': 'gzip',
108 silly get     'content-length': '11562',
108 silly get     'accept-ranges': 'bytes',
108 silly get     date: 'Wed, 10 Jan 2018 01:42:31 GMT',
108 silly get     via: '1.1 varnish',
108 silly get     age: '4312',
108 silly get     connection: 'keep-alive',
108 silly get     'x-served-by': 'cache-msp9222-MSP',
108 silly get     'x-cache': 'HIT',
108 silly get     'x-cache-hits': '1',
108 silly get     'x-timer': 'S1515548551.310455,VS0,VE1',
108 silly get     vary: 'Accept-Encoding, Accept' } ]
109 verbose get saving ejs to /home/bran/.npm/registry.npmjs.org/ejs/.cache.json
110 http 200 https://registry.npmjs.org/commander
111 verbose headers { 'content-type': 'application/json; charset=UTF-8',
111 verbose headers   server: 'UploadServer',
111 verbose headers   'cache-control': 'max-age=300',
111 verbose headers   'last-modified': 'Tue, 9 Jan 2018 22:28:28 GMT',
111 verbose headers   etag: '"5a55420c-132a0"',
111 verbose headers   'content-encoding': 'gzip',
111 verbose headers   'content-length': '16031',
111 verbose headers   'accept-ranges': 'bytes',
111 verbose headers   date: 'Wed, 10 Jan 2018 01:42:31 GMT',
111 verbose headers   via: '1.1 varnish',
111 verbose headers   age: '11642',
111 verbose headers   connection: 'keep-alive',
111 verbose headers   'x-served-by': 'cache-msp9225-MSP',
111 verbose headers   'x-cache': 'HIT',
111 verbose headers   'x-cache-hits': '20',
111 verbose headers   'x-timer': 'S1515548551.309932,VS0,VE0',
111 verbose headers   vary: 'Accept-Encoding, Accept' }
112 silly get cb [ 200,
112 silly get   { 'content-type': 'application/json; charset=UTF-8',
112 silly get     server: 'UploadServer',
112 silly get     'cache-control': 'max-age=300',
112 silly get     'last-modified': 'Tue, 9 Jan 2018 22:28:28 GMT',
112 silly get     etag: '"5a55420c-132a0"',
112 silly get     'content-encoding': 'gzip',
112 silly get     'content-length': '16031',
112 silly get     'accept-ranges': 'bytes',
112 silly get     date: 'Wed, 10 Jan 2018 01:42:31 GMT',
112 silly get     via: '1.1 varnish',
112 silly get     age: '11642',
112 silly get     connection: 'keep-alive',
112 silly get     'x-served-by': 'cache-msp9225-MSP',
112 silly get     'x-cache': 'HIT',
112 silly get     'x-cache-hits': '20',
112 silly get     'x-timer': 'S1515548551.309932,VS0,VE0',
112 silly get     vary: 'Accept-Encoding, Accept' } ]
113 verbose get saving commander to /home/bran/.npm/registry.npmjs.org/commander/.cache.json
114 silly resolveWithNewModule mkdirp@0.5.1 checking installable status
115 silly cache add args [ 'mkdirp@0.5.1', null ]
116 verbose cache add spec mkdirp@0.5.1
117 silly cache add parsed spec Result {
117 silly cache add   raw: 'mkdirp@0.5.1',
117 silly cache add   scope: null,
117 silly cache add   name: 'mkdirp',
117 silly cache add   rawSpec: '0.5.1',
117 silly cache add   spec: '0.5.1',
117 silly cache add   type: 'version' }
118 silly addNamed mkdirp@0.5.1
119 verbose addNamed "0.5.1" is a plain semver version for mkdirp
120 silly mapToRegistry name mkdirp
121 silly mapToRegistry using default registry
122 silly mapToRegistry registry https://registry.npmjs.org/
123 silly mapToRegistry uri https://registry.npmjs.org/mkdirp
124 verbose addNameVersion registry:https://registry.npmjs.org/mkdirp not in flight; fetching
125 silly resolveWithNewModule ejs@2.5.7 checking installable status
126 silly cache add args [ 'ejs@2.5.7', null ]
127 verbose cache add spec ejs@2.5.7
128 silly cache add parsed spec Result {
128 silly cache add   raw: 'ejs@2.5.7',
128 silly cache add   scope: null,
128 silly cache add   name: 'ejs',
128 silly cache add   rawSpec: '2.5.7',
128 silly cache add   spec: '2.5.7',
128 silly cache add   type: 'version' }
129 silly addNamed ejs@2.5.7
130 verbose addNamed "2.5.7" is a plain semver version for ejs
131 silly mapToRegistry name ejs
132 silly mapToRegistry using default registry
133 silly mapToRegistry registry https://registry.npmjs.org/
134 silly mapToRegistry uri https://registry.npmjs.org/ejs
135 verbose addNameVersion registry:https://registry.npmjs.org/ejs not in flight; fetching
136 verbose get https://registry.npmjs.org/mkdirp not expired, no request
137 http 200 https://registry.npmjs.org/sorted-object
138 verbose headers { 'content-type': 'application/json; charset=UTF-8',
138 verbose headers   server: 'UploadServer',
138 verbose headers   'cache-control': 'max-age=300',
138 verbose headers   'last-modified': 'Sat, 10 Sep 2016 23:39:29 GMT',
138 verbose headers   etag: '"57d499b1-1545"',
138 verbose headers   'content-encoding': 'gzip',
138 verbose headers   'content-length': '1619',
138 verbose headers   'accept-ranges': 'bytes',
138 verbose headers   date: 'Wed, 10 Jan 2018 01:42:31 GMT',
138 verbose headers   via: '1.1 varnish',
138 verbose headers   age: '0',
138 verbose headers   connection: 'keep-alive',
138 verbose headers   'x-served-by': 'cache-msp9220-MSP',
138 verbose headers   'x-cache': 'MISS',
138 verbose headers   'x-cache-hits': '0',
138 verbose headers   'x-timer': 'S1515548551.311478,VS0,VE69',
138 verbose headers   vary: 'Accept-Encoding, Accept' }
139 silly get cb [ 200,
139 silly get   { 'content-type': 'application/json; charset=UTF-8',
139 silly get     server: 'UploadServer',
139 silly get     'cache-control': 'max-age=300',
139 silly get     'last-modified': 'Sat, 10 Sep 2016 23:39:29 GMT',
139 silly get     etag: '"57d499b1-1545"',
139 silly get     'content-encoding': 'gzip',
139 silly get     'content-length': '1619',
139 silly get     'accept-ranges': 'bytes',
139 silly get     date: 'Wed, 10 Jan 2018 01:42:31 GMT',
139 silly get     via: '1.1 varnish',
139 silly get     age: '0',
139 silly get     connection: 'keep-alive',
139 silly get     'x-served-by': 'cache-msp9220-MSP',
139 silly get     'x-cache': 'MISS',
139 silly get     'x-cache-hits': '0',
139 silly get     'x-timer': 'S1515548551.311478,VS0,VE69',
139 silly get     vary: 'Accept-Encoding, Accept' } ]
140 verbose get saving sorted-object to /home/bran/.npm/registry.npmjs.org/sorted-object/.cache.json
141 silly mapToRegistry name mkdirp
142 silly mapToRegistry using default registry
143 silly mapToRegistry registry https://registry.npmjs.org/
144 silly mapToRegistry uri https://registry.npmjs.org/mkdirp
145 verbose addRemoteTarball https://registry.npmjs.org/mkdirp/-/mkdirp-0.5.1.tgz not in flight; adding
146 verbose addRemoteTarball [ 'https://registry.npmjs.org/mkdirp/-/mkdirp-0.5.1.tgz',
146 verbose addRemoteTarball   '30057438eac6cf7f8c4767f38648d6697d75c903' ]
147 verbose get https://registry.npmjs.org/ejs not expired, no request
148 silly mapToRegistry name ejs
149 silly mapToRegistry using default registry
150 silly mapToRegistry registry https://registry.npmjs.org/
151 silly mapToRegistry uri https://registry.npmjs.org/ejs
152 verbose addRemoteTarball https://registry.npmjs.org/ejs/-/ejs-2.5.7.tgz not in flight; adding
153 verbose addRemoteTarball [ 'https://registry.npmjs.org/ejs/-/ejs-2.5.7.tgz',
153 verbose addRemoteTarball   'cc872c168880ae3c7189762fd5ffc00896c9518a' ]
154 info retry fetch attempt 1 at 7:42:28 PM
155 info attempt registry request try #1 at 7:42:28 PM
156 http fetch GET https://registry.npmjs.org/mkdirp/-/mkdirp-0.5.1.tgz
157 silly resolveWithNewModule commander@2.11.0 checking installable status
158 silly cache add args [ 'commander@2.11.0', null ]
159 verbose cache add spec commander@2.11.0
160 silly cache add parsed spec Result {
160 silly cache add   raw: 'commander@2.11.0',
160 silly cache add   scope: null,
160 silly cache add   name: 'commander',
160 silly cache add   rawSpec: '2.11.0',
160 silly cache add   spec: '2.11.0',
160 silly cache add   type: 'version' }
161 silly addNamed commander@2.11.0
162 verbose addNamed "2.11.0" is a plain semver version for commander
163 silly mapToRegistry name commander
164 silly mapToRegistry using default registry
165 silly mapToRegistry registry https://registry.npmjs.org/
166 silly mapToRegistry uri https://registry.npmjs.org/commander
167 verbose addNameVersion registry:https://registry.npmjs.org/commander not in flight; fetching
168 info retry fetch attempt 1 at 7:42:28 PM
169 info attempt registry request try #1 at 7:42:28 PM
170 http fetch GET https://registry.npmjs.org/ejs/-/ejs-2.5.7.tgz
171 verbose get https://registry.npmjs.org/commander not expired, no request
172 silly mapToRegistry name commander
173 silly mapToRegistry using default registry
174 silly mapToRegistry registry https://registry.npmjs.org/
175 silly mapToRegistry uri https://registry.npmjs.org/commander
176 verbose addRemoteTarball https://registry.npmjs.org/commander/-/commander-2.11.0.tgz not in flight; adding
177 verbose addRemoteTarball [ 'https://registry.npmjs.org/commander/-/commander-2.11.0.tgz',
177 verbose addRemoteTarball   '157152fd1e7a6c8d98a5b715cf376df928004563' ]
178 silly resolveWithNewModule sorted-object@2.0.1 checking installable status
179 silly cache add args [ 'sorted-object@2.0.1', null ]
180 verbose cache add spec sorted-object@2.0.1
181 silly cache add parsed spec Result {
181 silly cache add   raw: 'sorted-object@2.0.1',
181 silly cache add   scope: null,
181 silly cache add   name: 'sorted-object',
181 silly cache add   rawSpec: '2.0.1',
181 silly cache add   spec: '2.0.1',
181 silly cache add   type: 'version' }
182 silly addNamed sorted-object@2.0.1
183 verbose addNamed "2.0.1" is a plain semver version for sorted-object
184 silly mapToRegistry name sorted-object
185 silly mapToRegistry using default registry
186 silly mapToRegistry registry https://registry.npmjs.org/
187 silly mapToRegistry uri https://registry.npmjs.org/sorted-object
188 verbose addNameVersion registry:https://registry.npmjs.org/sorted-object not in flight; fetching
189 info retry fetch attempt 1 at 7:42:28 PM
190 info attempt registry request try #1 at 7:42:28 PM
191 http fetch GET https://registry.npmjs.org/commander/-/commander-2.11.0.tgz
192 verbose get https://registry.npmjs.org/sorted-object not expired, no request
193 silly mapToRegistry name sorted-object
194 silly mapToRegistry using default registry
195 silly mapToRegistry registry https://registry.npmjs.org/
196 silly mapToRegistry uri https://registry.npmjs.org/sorted-object
197 verbose addRemoteTarball https://registry.npmjs.org/sorted-object/-/sorted-object-2.0.1.tgz not in flight; adding
198 verbose addRemoteTarball [ 'https://registry.npmjs.org/sorted-object/-/sorted-object-2.0.1.tgz',
198 verbose addRemoteTarball   '7d631f4bd3a798a24af1dffcfbfe83337a5df5fc' ]
199 info retry fetch attempt 1 at 7:42:28 PM
200 info attempt registry request try #1 at 7:42:28 PM
201 http fetch GET https://registry.npmjs.org/sorted-object/-/sorted-object-2.0.1.tgz
202 http fetch 200 https://registry.npmjs.org/mkdirp/-/mkdirp-0.5.1.tgz
203 silly fetchAndShaCheck shasum 30057438eac6cf7f8c4767f38648d6697d75c903
204 verbose addTmpTarball /tmp/npm-25233-5f9a3cb0/registry.npmjs.org/mkdirp/-/mkdirp-0.5.1.tgz not in flight; adding
205 verbose addTmpTarball already have metadata; skipping unpack for mkdirp@0.5.1
206 http fetch 200 https://registry.npmjs.org/ejs/-/ejs-2.5.7.tgz
207 http fetch 200 https://registry.npmjs.org/commander/-/commander-2.11.0.tgz
208 silly cache afterAdd mkdirp@0.5.1
209 verbose afterAdd /home/bran/.npm/mkdirp/0.5.1/package/package.json not in flight; writing
210 http fetch 200 https://registry.npmjs.org/sorted-object/-/sorted-object-2.0.1.tgz
211 silly fetchAndShaCheck shasum cc872c168880ae3c7189762fd5ffc00896c9518a
212 silly fetchAndShaCheck shasum 157152fd1e7a6c8d98a5b715cf376df928004563
213 silly fetchAndShaCheck shasum 7d631f4bd3a798a24af1dffcfbfe83337a5df5fc
214 verbose addTmpTarball /tmp/npm-25233-5f9a3cb0/registry.npmjs.org/ejs/-/ejs-2.5.7.tgz not in flight; adding
215 verbose addTmpTarball already have metadata; skipping unpack for ejs@2.5.7
216 verbose afterAdd /home/bran/.npm/mkdirp/0.5.1/package/package.json written
217 verbose addTmpTarball /tmp/npm-25233-5f9a3cb0/registry.npmjs.org/commander/-/commander-2.11.0.tgz not in flight; adding
218 verbose addTmpTarball already have metadata; skipping unpack for commander@2.11.0
219 verbose addTmpTarball /tmp/npm-25233-5f9a3cb0/registry.npmjs.org/sorted-object/-/sorted-object-2.0.1.tgz not in flight; adding
220 verbose addTmpTarball already have metadata; skipping unpack for sorted-object@2.0.1
221 silly cache afterAdd ejs@2.5.7
222 verbose afterAdd /home/bran/.npm/ejs/2.5.7/package/package.json not in flight; writing
223 silly cache afterAdd commander@2.11.0
224 verbose afterAdd /home/bran/.npm/commander/2.11.0/package/package.json not in flight; writing
225 silly cache afterAdd sorted-object@2.0.1
226 verbose afterAdd /home/bran/.npm/sorted-object/2.0.1/package/package.json not in flight; writing
227 verbose afterAdd /home/bran/.npm/ejs/2.5.7/package/package.json written
228 verbose afterAdd /home/bran/.npm/commander/2.11.0/package/package.json written
229 verbose afterAdd /home/bran/.npm/sorted-object/2.0.1/package/package.json written
230 silly fetchNamedPackageData minimist
231 silly mapToRegistry name minimist
232 silly mapToRegistry using default registry
233 silly mapToRegistry registry https://registry.npmjs.org/
234 silly mapToRegistry uri https://registry.npmjs.org/minimist
235 verbose request uri https://registry.npmjs.org/minimist
236 verbose request no auth needed
237 info attempt registry request try #1 at 7:42:28 PM
238 http request GET https://registry.npmjs.org/minimist
239 http 200 https://registry.npmjs.org/minimist
240 verbose headers { 'content-type': 'application/json; charset=UTF-8',
240 verbose headers   server: 'AmazonS3',
240 verbose headers   'cache-control': 'max-age=300',
240 verbose headers   'last-modified': 'Sun, 7 Jan 2018 12:14:17 GMT',
240 verbose headers   etag: '"5a520f19-7903"',
240 verbose headers   'content-encoding': 'gzip',
240 verbose headers   'content-length': '6159',
240 verbose headers   'accept-ranges': 'bytes',
240 verbose headers   date: 'Wed, 10 Jan 2018 01:42:31 GMT',
240 verbose headers   via: '1.1 varnish',
240 verbose headers   age: '2376',
240 verbose headers   connection: 'keep-alive',
240 verbose headers   'x-served-by': 'cache-msp9221-MSP',
240 verbose headers   'x-cache': 'HIT',
240 verbose headers   'x-cache-hits': '7',
240 verbose headers   'x-timer': 'S1515548552.867018,VS0,VE0',
240 verbose headers   vary: 'Accept-Encoding, Accept' }
241 silly get cb [ 200,
241 silly get   { 'content-type': 'application/json; charset=UTF-8',
241 silly get     server: 'AmazonS3',
241 silly get     'cache-control': 'max-age=300',
241 silly get     'last-modified': 'Sun, 7 Jan 2018 12:14:17 GMT',
241 silly get     etag: '"5a520f19-7903"',
241 silly get     'content-encoding': 'gzip',
241 silly get     'content-length': '6159',
241 silly get     'accept-ranges': 'bytes',
241 silly get     date: 'Wed, 10 Jan 2018 01:42:31 GMT',
241 silly get     via: '1.1 varnish',
241 silly get     age: '2376',
241 silly get     connection: 'keep-alive',
241 silly get     'x-served-by': 'cache-msp9221-MSP',
241 silly get     'x-cache': 'HIT',
241 silly get     'x-cache-hits': '7',
241 silly get     'x-timer': 'S1515548552.867018,VS0,VE0',
241 silly get     vary: 'Accept-Encoding, Accept' } ]
242 verbose get saving minimist to /home/bran/.npm/registry.npmjs.org/minimist/.cache.json
243 silly resolveWithNewModule minimist@0.0.8 checking installable status
244 silly cache add args [ 'minimist@0.0.8', null ]
245 verbose cache add spec minimist@0.0.8
246 silly cache add parsed spec Result {
246 silly cache add   raw: 'minimist@0.0.8',
246 silly cache add   scope: null,
246 silly cache add   name: 'minimist',
246 silly cache add   rawSpec: '0.0.8',
246 silly cache add   spec: '0.0.8',
246 silly cache add   type: 'version' }
247 silly addNamed minimist@0.0.8
248 verbose addNamed "0.0.8" is a plain semver version for minimist
249 silly mapToRegistry name minimist
250 silly mapToRegistry using default registry
251 silly mapToRegistry registry https://registry.npmjs.org/
252 silly mapToRegistry uri https://registry.npmjs.org/minimist
253 verbose addNameVersion registry:https://registry.npmjs.org/minimist not in flight; fetching
254 verbose get https://registry.npmjs.org/minimist not expired, no request
255 silly mapToRegistry name minimist
256 silly mapToRegistry using default registry
257 silly mapToRegistry registry https://registry.npmjs.org/
258 silly mapToRegistry uri https://registry.npmjs.org/minimist
259 verbose addRemoteTarball https://registry.npmjs.org/minimist/-/minimist-0.0.8.tgz not in flight; adding
260 verbose addRemoteTarball [ 'https://registry.npmjs.org/minimist/-/minimist-0.0.8.tgz',
260 verbose addRemoteTarball   '857fcabfc3397d2625b8228262e86aa7a011b05d' ]
261 info retry fetch attempt 1 at 7:42:28 PM
262 info attempt registry request try #1 at 7:42:28 PM
263 http fetch GET https://registry.npmjs.org/minimist/-/minimist-0.0.8.tgz
264 http fetch 200 https://registry.npmjs.org/minimist/-/minimist-0.0.8.tgz
265 silly fetchAndShaCheck shasum 857fcabfc3397d2625b8228262e86aa7a011b05d
266 verbose addTmpTarball /tmp/npm-25233-5f9a3cb0/registry.npmjs.org/minimist/-/minimist-0.0.8.tgz not in flight; adding
267 verbose addTmpTarball already have metadata; skipping unpack for minimist@0.0.8
268 silly cache afterAdd minimist@0.0.8
269 verbose afterAdd /home/bran/.npm/minimist/0.0.8/package/package.json not in flight; writing
270 verbose afterAdd /home/bran/.npm/minimist/0.0.8/package/package.json written
271 silly loadAllDepsIntoIdealTree Finishing
272 silly idealTree:prePrune lib
272 silly idealTree:prePrune └─┬ express-generator@4.15.5
272 silly idealTree:prePrune   ├── commander@2.11.0
272 silly idealTree:prePrune   ├── ejs@2.5.7
272 silly idealTree:prePrune   ├── minimist@0.0.8
272 silly idealTree:prePrune   ├── mkdirp@0.5.1
272 silly idealTree:prePrune   └── sorted-object@2.0.1
273 silly loadIdealTree Finishing
274 silly currentTree lib
275 silly idealTree lib
275 silly idealTree └─┬ express-generator@4.15.5
275 silly idealTree   ├── commander@2.11.0
275 silly idealTree   ├── ejs@2.5.7
275 silly idealTree   ├── minimist@0.0.8
275 silly idealTree   ├── mkdirp@0.5.1
275 silly idealTree   └── sorted-object@2.0.1
276 silly generateActionsToTake Starting
277 silly install generateActionsToTake
278 warn checkPermissions Missing write access to /usr/local/lib/node_modules
279 silly rollbackFailedOptional Starting
280 silly rollbackFailedOptional Finishing
281 silly runTopLevelLifecycles Starting
282 silly runTopLevelLifecycles Finishing
283 silly install printInstalled
284 verbose stack Error: EACCES: permission denied, access '/usr/local/lib/node_modules'
284 verbose stack     at Error (native)
285 verbose cwd /home/bran/Documents/gitrepos/minnehackgoonteamsquad
286 error Linux 4.8.0-53-generic
287 error argv "/usr/bin/nodejs" "/usr/bin/npm" "install" "express-generator" "-g"
288 error node v4.2.6
289 error npm  v3.5.2
290 error path /usr/local/lib/node_modules
291 error code EACCES
292 error errno -13
293 error syscall access
294 error Error: EACCES: permission denied, access '/usr/local/lib/node_modules'
294 error     at Error (native)
294 error  { [Error: EACCES: permission denied, access '/usr/local/lib/node_modules']
294 error   errno: -13,
294 error   code: 'EACCES',
294 error   syscall: 'access',
294 error   path: '/usr/local/lib/node_modules' }
295 error Please try running this command again as root/Administrator.
296 verbose exit [ -13, true ]
